current directory: /vagrant/nakama/vender/bundle/ruby/2.5.0/gems/puma-3.12.0/ext/puma_http11
/usr/bin/ruby2.5 -r ./siteconf20180919-28707-199o6vb.rb extconf.rb
checking for BIO_read() in -lcrypto... no
checking for BIO_read() in -llibeay32... no
creating Makefile

current directory: /vagrant/nakama/vender/bundle/ruby/2.5.0/gems/puma-3.12.0/ext/puma_http11
make "DESTDIR=" clean
make: Warning: File 'Makefile' has modification time 0.69 s in the future
make: warning:  Clock skew detected.  Your build may be incomplete.

current directory: /vagrant/nakama/vender/bundle/ruby/2.5.0/gems/puma-3.12.0/ext/puma_http11
make "DESTDIR="
make: Warning: File 'Makefile' has modification time 0.62 s in the future
compiling http11_parser.c
compiling io_buffer.c
compiling mini_ssl.c
compiling puma_http11.c
linking shared-object puma/puma_http11.so
make: warning:  Clock skew detected.  Your build may be incomplete.

current directory: /vagrant/nakama/vender/bundle/ruby/2.5.0/gems/puma-3.12.0/ext/puma_http11
make "DESTDIR=" install
make: Warning: File 'puma_http11.so' has modification time 0.48 s in the future
/usr/bin/install -c -m 0755 puma_http11.so ./.gem.20180919-28707-13qm9g3/puma
make: warning:  Clock skew detected.  Your build may be incomplete.
