current directory: /vagrant/nakama/vender/bundle/ruby/2.5.0/gems/bcrypt-3.1.12/ext/mri
/usr/bin/ruby2.5 -r ./siteconf20180919-28707-1jx80yd.rb extconf.rb
creating Makefile

current directory: /vagrant/nakama/vender/bundle/ruby/2.5.0/gems/bcrypt-3.1.12/ext/mri
make "DESTDIR=" clean
make: Warning: File 'Makefile' has modification time 0.58 s in the future
make: warning:  Clock skew detected.  Your build may be incomplete.

current directory: /vagrant/nakama/vender/bundle/ruby/2.5.0/gems/bcrypt-3.1.12/ext/mri
make "DESTDIR="
make: Warning: File 'Makefile' has modification time 0.54 s in the future
compiling bcrypt_ext.c
compiling crypt.c
compiling crypt_blowfish.c
compiling crypt_gensalt.c
compiling wrapper.c
linking shared-object bcrypt_ext.so
make: warning:  Clock skew detected.  Your build may be incomplete.

current directory: /vagrant/nakama/vender/bundle/ruby/2.5.0/gems/bcrypt-3.1.12/ext/mri
make "DESTDIR=" install
make: Warning: File 'bcrypt_ext.so' has modification time 1.1 s in the future
/usr/bin/install -c -m 0755 bcrypt_ext.so ./.gem.20180919-28707-d6j25a
make: warning:  Clock skew detected.  Your build may be incomplete.
