current directory: /vagrant/nakama/vender/bundle/ruby/2.3.0/gems/byebug-10.0.2/ext/byebug
/usr/bin/ruby2.3 -r ./siteconf20180905-27014-8gck0e.rb extconf.rb
creating Makefile

current directory: /vagrant/nakama/vender/bundle/ruby/2.3.0/gems/byebug-10.0.2/ext/byebug
make "DESTDIR=" clean
make: Warning: File `Makefile' has modification time 3.2e+02 s in the future
make: warning:  Clock skew detected.  Your build may be incomplete.

current directory: /vagrant/nakama/vender/bundle/ruby/2.3.0/gems/byebug-10.0.2/ext/byebug
make "DESTDIR="
make: Warning: File `Makefile' has modification time 3.2e+02 s in the future
compiling breakpoint.c
compiling byebug.c
compiling context.c
compiling locker.c
compiling threads.c
linking shared-object byebug/byebug.so
make: warning:  Clock skew detected.  Your build may be incomplete.

current directory: /vagrant/nakama/vender/bundle/ruby/2.3.0/gems/byebug-10.0.2/ext/byebug
make "DESTDIR=" install
make: Warning: File `Makefile' has modification time 3.2e+02 s in the future
/usr/bin/install -c -m 0755 byebug.so ./.gem.20180905-27014-1oade03/byebug
make: warning:  Clock skew detected.  Your build may be incomplete.
