current directory: /vagrant/nakama/vender/bundle/ruby/2.3.0/gems/bootsnap-1.3.1/ext/bootsnap
/usr/bin/ruby2.3 -r ./siteconf20180905-27014-dkaomm.rb extconf.rb
creating Makefile

current directory: /vagrant/nakama/vender/bundle/ruby/2.3.0/gems/bootsnap-1.3.1/ext/bootsnap
make "DESTDIR=" clean
make: Warning: File `Makefile' has modification time 3.2e+02 s in the future
make: warning:  Clock skew detected.  Your build may be incomplete.

current directory: /vagrant/nakama/vender/bundle/ruby/2.3.0/gems/bootsnap-1.3.1/ext/bootsnap
make "DESTDIR="
make: Warning: File `Makefile' has modification time 3.2e+02 s in the future
compiling bootsnap.c
linking shared-object bootsnap/bootsnap.so
bootsnap.o: In function `atomic_write_cache_file':
/vagrant/nakama/vender/bundle/ruby/2.3.0/gems/bootsnap-1.3.1/ext/bootsnap/bootsnap.c:477: warning: the use of `mktemp' is dangerous, better use `mkstemp' or `mkdtemp'
make: warning:  Clock skew detected.  Your build may be incomplete.

current directory: /vagrant/nakama/vender/bundle/ruby/2.3.0/gems/bootsnap-1.3.1/ext/bootsnap
make "DESTDIR=" install
make: Warning: File `Makefile' has modification time 3.2e+02 s in the future
/usr/bin/install -c -m 0755 bootsnap.so ./.gem.20180905-27014-493f9q/bootsnap
make: warning:  Clock skew detected.  Your build may be incomplete.
