current directory: /vagrant/nakama/vender/bundle/ruby/2.3.0/gems/thin-1.7.2/ext/thin_parser
/usr/bin/ruby2.3 -r ./siteconf20180908-2921-1y6jboz.rb extconf.rb
checking for main() in -lc... yes
creating Makefile

To see why this extension failed to compile, please check the mkmf.log which can be found here:

  /vagrant/nakama/vender/bundle/ruby/2.3.0/extensions/x86-linux/2.3.0/thin-1.7.2/mkmf.log

current directory: /vagrant/nakama/vender/bundle/ruby/2.3.0/gems/thin-1.7.2/ext/thin_parser
make "DESTDIR=" clean
make: Warning: File `Makefile' has modification time 1e+03 s in the future
make: warning:  Clock skew detected.  Your build may be incomplete.

current directory: /vagrant/nakama/vender/bundle/ruby/2.3.0/gems/thin-1.7.2/ext/thin_parser
make "DESTDIR="
make: Warning: File `Makefile' has modification time 1e+03 s in the future
compiling parser.c
compiling thin.c
linking shared-object thin_parser.so
make: warning:  Clock skew detected.  Your build may be incomplete.

current directory: /vagrant/nakama/vender/bundle/ruby/2.3.0/gems/thin-1.7.2/ext/thin_parser
make "DESTDIR=" install
make: Warning: File `Makefile' has modification time 1e+03 s in the future
/usr/bin/install -c -m 0755 thin_parser.so ./.gem.20180908-2921-uy62g4
make: warning:  Clock skew detected.  Your build may be incomplete.
