current directory: /vagrant/nakama/vender/bundle/ruby/2.3.0/gems/bcrypt-3.1.12/ext/mri
/usr/bin/ruby2.3 -r ./siteconf20180905-30580-1iclloe.rb extconf.rb
creating Makefile

current directory: /vagrant/nakama/vender/bundle/ruby/2.3.0/gems/bcrypt-3.1.12/ext/mri
make "DESTDIR=" clean
make: Warning: File `Makefile' has modification time 3.2e+02 s in the future
make: warning:  Clock skew detected.  Your build may be incomplete.

current directory: /vagrant/nakama/vender/bundle/ruby/2.3.0/gems/bcrypt-3.1.12/ext/mri
make "DESTDIR="
make: Warning: File `Makefile' has modification time 3.2e+02 s in the future
compiling bcrypt_ext.c
compiling crypt.c
compiling crypt_blowfish.c
compiling crypt_gensalt.c
compiling wrapper.c
linking shared-object bcrypt_ext.so
make: warning:  Clock skew detected.  Your build may be incomplete.

current directory: /vagrant/nakama/vender/bundle/ruby/2.3.0/gems/bcrypt-3.1.12/ext/mri
make "DESTDIR=" install
make: Warning: File `Makefile' has modification time 3.2e+02 s in the future
/usr/bin/install -c -m 0755 bcrypt_ext.so ./.gem.20180905-30580-g00iay
make: warning:  Clock skew detected.  Your build may be incomplete.
