current directory: /vagrant/nakama/vender/bundle/ruby/2.3.0/gems/unf_ext-0.0.7.5/ext/unf_ext
/usr/bin/ruby2.3 -r ./siteconf20180906-32354-11asjbk.rb extconf.rb
checking for main() in -lstdc++... yes
creating Makefile

To see why this extension failed to compile, please check the mkmf.log which can be found here:

  /vagrant/nakama/vender/bundle/ruby/2.3.0/extensions/x86-linux/2.3.0/unf_ext-0.0.7.5/mkmf.log

current directory: /vagrant/nakama/vender/bundle/ruby/2.3.0/gems/unf_ext-0.0.7.5/ext/unf_ext
make "DESTDIR=" clean
make: Warning: File `Makefile' has modification time 5.1e+02 s in the future
make: warning:  Clock skew detected.  Your build may be incomplete.

current directory: /vagrant/nakama/vender/bundle/ruby/2.3.0/gems/unf_ext-0.0.7.5/ext/unf_ext
make "DESTDIR="
make: Warning: File `Makefile' has modification time 5.1e+02 s in the future
compiling unf.cc
linking shared-object unf_ext.so
make: warning:  Clock skew detected.  Your build may be incomplete.

current directory: /vagrant/nakama/vender/bundle/ruby/2.3.0/gems/unf_ext-0.0.7.5/ext/unf_ext
make "DESTDIR=" install
make: Warning: File `Makefile' has modification time 5e+02 s in the future
/usr/bin/install -c -m 0755 unf_ext.so ./.gem.20180906-32354-1gcbsgv
make: warning:  Clock skew detected.  Your build may be incomplete.
