current directory: /vagrant/nakama/vender/bundle/ruby/2.5.0/gems/byebug-10.0.2/ext/byebug
/usr/bin/ruby2.5 -r ./siteconf20180919-28707-1lcbq7j.rb extconf.rb
creating Makefile

current directory: /vagrant/nakama/vender/bundle/ruby/2.5.0/gems/byebug-10.0.2/ext/byebug
make "DESTDIR=" clean
make: Warning: File 'Makefile' has modification time 0.85 s in the future
make: warning:  Clock skew detected.  Your build may be incomplete.

current directory: /vagrant/nakama/vender/bundle/ruby/2.5.0/gems/byebug-10.0.2/ext/byebug
make "DESTDIR="
make: Warning: File 'Makefile' has modification time 0.8 s in the future
compiling breakpoint.c
compiling byebug.c
compiling context.c
compiling locker.c
compiling threads.c
linking shared-object byebug/byebug.so
make: warning:  Clock skew detected.  Your build may be incomplete.

current directory: /vagrant/nakama/vender/bundle/ruby/2.5.0/gems/byebug-10.0.2/ext/byebug
make "DESTDIR=" install
make: Warning: File 'byebug.so' has modification time 0.54 s in the future
/usr/bin/install -c -m 0755 byebug.so ./.gem.20180919-28707-w2fcm9/byebug
make: warning:  Clock skew detected.  Your build may be incomplete.
