current directory: /vagrant/nakama/vender/bundle/ruby/2.3.0/gems/eventmachine-1.2.7/ext/fastfilereader
/usr/bin/ruby2.3 -r ./siteconf20180908-2921-1ghcfcc.rb extconf.rb
creating Makefile

To see why this extension failed to compile, please check the mkmf.log which can be found here:

  /vagrant/nakama/vender/bundle/ruby/2.3.0/extensions/x86-linux/2.3.0/eventmachine-1.2.7/mkmf.log

current directory: /vagrant/nakama/vender/bundle/ruby/2.3.0/gems/eventmachine-1.2.7/ext/fastfilereader
make "DESTDIR=" clean
make: Warning: File `Makefile' has modification time 1e+03 s in the future
make: warning:  Clock skew detected.  Your build may be incomplete.

current directory: /vagrant/nakama/vender/bundle/ruby/2.3.0/gems/eventmachine-1.2.7/ext/fastfilereader
make "DESTDIR="
make: Warning: File `Makefile' has modification time 1e+03 s in the future
compiling mapper.cpp
compiling rubymain.cpp
linking shared-object fastfilereaderext.so
make: warning:  Clock skew detected.  Your build may be incomplete.

current directory: /vagrant/nakama/vender/bundle/ruby/2.3.0/gems/eventmachine-1.2.7/ext/fastfilereader
make "DESTDIR=" install
make: Warning: File `Makefile' has modification time 1e+03 s in the future
/usr/bin/install -c -m 0755 fastfilereaderext.so ./.gem.20180908-2921-ikpd0w
make: warning:  Clock skew detected.  Your build may be incomplete.
