current directory: /vagrant/nakama/vender/bundle/ruby/2.3.0/gems/http_parser.rb-0.6.0/ext/ruby_http_parser
/usr/bin/ruby2.3 -r ./siteconf20180908-2921-jdd20m.rb extconf.rb
creating Makefile

current directory: /vagrant/nakama/vender/bundle/ruby/2.3.0/gems/http_parser.rb-0.6.0/ext/ruby_http_parser
make "DESTDIR=" clean
make: Warning: File `Makefile' has modification time 1e+03 s in the future
make: warning:  Clock skew detected.  Your build may be incomplete.

current directory: /vagrant/nakama/vender/bundle/ruby/2.3.0/gems/http_parser.rb-0.6.0/ext/ruby_http_parser
make "DESTDIR="
make: Warning: File `Makefile' has modification time 1e+03 s in the future
compiling ruby_http_parser.c
ruby_http_parser.c: In function ‘Parser_execute’:
ruby_http_parser.c:330:7: warning: format ‘%zu’ expects argument of type ‘size_t’, but argument 4 has type ‘long int’ [-Wformat=]
       rb_raise(eParserError, "Could not parse data entirely (%zu != %zu)", nparsed, len);
       ^
compiling ryah_http_parser.c
linking shared-object ruby_http_parser.so
make: warning:  Clock skew detected.  Your build may be incomplete.

current directory: /vagrant/nakama/vender/bundle/ruby/2.3.0/gems/http_parser.rb-0.6.0/ext/ruby_http_parser
make "DESTDIR=" install
make: Warning: File `Makefile' has modification time 1e+03 s in the future
/usr/bin/install -c -m 0755 ruby_http_parser.so ./.gem.20180908-2921-1vymuda
make: warning:  Clock skew detected.  Your build may be incomplete.
