current directory: /vagrant/nakama/vender/bundle/ruby/2.3.0/gems/puma-3.12.0/ext/puma_http11
/usr/bin/ruby2.3 -r ./siteconf20180905-27014-tq8e17.rb extconf.rb
checking for BIO_read() in -lcrypto... yes
checking for SSL_CTX_new() in -lssl... yes
checking for openssl/bio.h... yes
creating Makefile

To see why this extension failed to compile, please check the mkmf.log which can be found here:

  /vagrant/nakama/vender/bundle/ruby/2.3.0/extensions/x86-linux/2.3.0/puma-3.12.0/mkmf.log

current directory: /vagrant/nakama/vender/bundle/ruby/2.3.0/gems/puma-3.12.0/ext/puma_http11
make "DESTDIR=" clean
make: Warning: File `Makefile' has modification time 3.2e+02 s in the future
make: warning:  Clock skew detected.  Your build may be incomplete.

current directory: /vagrant/nakama/vender/bundle/ruby/2.3.0/gems/puma-3.12.0/ext/puma_http11
make "DESTDIR="
make: Warning: File `Makefile' has modification time 3.2e+02 s in the future
compiling http11_parser.c
compiling io_buffer.c
compiling mini_ssl.c
compiling puma_http11.c
linking shared-object puma/puma_http11.so
make: warning:  Clock skew detected.  Your build may be incomplete.

current directory: /vagrant/nakama/vender/bundle/ruby/2.3.0/gems/puma-3.12.0/ext/puma_http11
make "DESTDIR=" install
make: Warning: File `Makefile' has modification time 3.2e+02 s in the future
/usr/bin/install -c -m 0755 puma_http11.so ./.gem.20180905-27014-1hkm5au/puma
make: warning:  Clock skew detected.  Your build may be incomplete.
